<?xml version="1.0" encoding="UTF-8"?>
<testng-results skipped="0" failed="0" ignored="0" total="1" passed="1">
  <reporter-output>
  </reporter-output>
  <suite name="Suite" duration-ms="10142" started-at="2021-05-29T15:33:13Z" finished-at="2021-05-29T15:33:23Z">
    <groups>
    </groups>
    <test name="Test" duration-ms="10142" started-at="2021-05-29T15:33:13Z" finished-at="2021-05-29T15:33:23Z">
      <class name="test.logintest">
        <test-method status="PASS" signature="setup()[pri:0, instance:test.logintest@768b970c]" name="setup" is-config="true" duration-ms="2860" started-at="2021-05-29T15:33:13Z" finished-at="2021-05-29T15:33:15Z">
          <reporter-output>
          </reporter-output>
        </test-method> <!-- setup -->
        <test-method status="PASS" signature="login(java.lang.String, java.lang.String)[pri:0, instance:test.logintest@768b970c]" name="login" duration-ms="7192" started-at="2021-05-29T15:33:15Z" finished-at="2021-05-29T15:33:23Z">
          <params>
            <param index="0">
              <value>
                <![CDATA[abc@xyz.com]]>
              </value>
            </param>
            <param index="1">
              <value>
                <![CDATA[1234]]>
              </value>
            </param>
          </params>
          <reporter-output>
          </reporter-output>
        </test-method> <!-- login -->
        <test-method status="PASS" signature="teardown()[pri:0, instance:test.logintest@768b970c]" name="teardown" is-config="true" duration-ms="71" started-at="2021-05-29T15:33:23Z" finished-at="2021-05-29T15:33:23Z">
          <reporter-output>
          </reporter-output>
        </test-method> <!-- teardown -->
      </class> <!-- test.logintest -->
    </test> <!-- Test -->
  </suite> <!-- Suite -->
</testng-results>
